<?xml version="1.0" encoding="UTF-8"?>
<testExecutions version="1">
  <file path="/home/diviA/Documents/Blinklist/blinklist-app/src/components/molecules/Category/index.test.tsx">
    <testCase name="category entrepreneurship category" duration="121"/>
    <testCase name="category entrepreneurship category1" duration="11"/>
  </file>
  <file path="/home/diviA/Documents/Blinklist/blinklist-app/src/components/atoms/BookImage/index.test.tsx">
    <testCase name="Book Image renders book image" duration="89"/>
  </file>
  <file path="/home/diviA/Documents/Blinklist/blinklist-app/src/components/atoms/BookThumbnail/index.test.tsx">
    <testCase name="Book Thumbnail title" duration="70"/>
    <testCase name="Book Thumbnail author" duration="11"/>
  </file>
  <file path="/home/diviA/Documents/Blinklist/blinklist-app/src/components/atoms/ProgressBar/index.test.tsx">
    <testCase name="Progress Bar count number of divs" duration="41"/>
  </file>
  <file path="/home/diviA/Documents/Blinklist/blinklist-app/src/components/molecules/Banner/index.test.tsx">
    <testCase name="banner text 1" duration="63"/>
    <testCase name="banner text 2" duration="13"/>
    <testCase name="banner iamges" duration="67"/>
  </file>
  <file path="/home/diviA/Documents/Blinklist/blinklist-app/src/components/organisms/Header/index.test.tsx">
    <testCase name="Header logo" duration="111"/>
    <testCase name="Header text" duration="17"/>
  </file>
  <file path="/home/diviA/Documents/Blinklist/blinklist-app/src/components/atoms/BookDetails/index.test.tsx">
    <testCase name="Book Details renders read time" duration="53"/>
    <testCase name="Book Details renders readers count" duration="11"/>
    <testCase name="Book Details count images" duration="68"/>
    <testCase name="Book Details read time image" duration="17"/>
  </file>
  <file path="/home/diviA/Documents/Blinklist/blinklist-app/src/components/organisms/Footer/index.test.tsx">
    <testCase name="Footer image" duration="168"/>
    <testCase name="Footer text" duration="31"/>
    <testCase name="Footer Editorial" duration="32"/>
    <testCase name="Footer Useful Links" duration="39"/>
    <testCase name="Footer Company" duration="20"/>
    <testCase name="Footer sitemap" duration="13"/>
  </file>
  <file path="/home/diviA/Documents/Blinklist/blinklist-app/src/components/atoms/Button/index.test.tsx">
    <testCase name="Button Finished button" duration="143"/>
    <testCase name="Button Read again button" duration="36"/>
    <testCase name="Button Add to library button" duration="55"/>
  </file>
  <file path="/home/diviA/Documents/Blinklist/blinklist-app/src/components/organisms/Explore/index.test.tsx">
    <testCase name="Explore category" duration="442"/>
    <testCase name="Explore tabs" duration="39"/>
  </file>
  <file path="/home/diviA/Documents/Blinklist/blinklist-app/src/components/molecules/BCard/index.test.tsx">
    <testCase name="BCard Add to library" duration="119"/>
    <testCase name="BCard Finished" duration="26"/>
    <testCase name="BCard Reading" duration="17"/>
    <testCase name="BCard Trending" duration="78"/>
    <testCase name="BCard just Added" duration="14"/>
  </file>
</testExecutions>